<?xml version="1.0" encoding="UTF-8"?>
<testsuite xmlns:xsi="http://www.w3.org/2001/XMLSchema-instance" xsi:noNamespaceSchemaLocation="https://maven.apache.org/surefire/maven-surefire-plugin/xsd/surefire-test-report.xsd" name="TestSuite" time="10.275" tests="3" errors="0" skipped="2" failures="1">
  <properties>
[...]
</properties>
  <testcase name="setUp" classname="lambdatest.SeleniumTest" time="9.773">
    <failure message="Could not start a new session. Response code 500. Message: All minutes for this organization has been exhausted&#10;Build info: version: &apos;4.1.1&apos;, revision: &apos;e8fcc2cecf&apos;&#10;System info: host: &apos;keshav&apos;, ip: &apos;127.0.1.1&apos;, os.name: &apos;Linux&apos;, os.arch: &apos;amd64&apos;, os.version: &apos;5.15.0-30-generic&apos;, java.version: &apos;17.0.2&apos;&#10;Driver info: org.openqa.selenium.remote.RemoteWebDriver&#10;Command: [null, newSession {capabilities=[Capabilities {browserName: Firefox, platformName: vista}], desiredCapabilities=Capabilities {browserName: Firefox, build: First Test, console: true, name: Sample Test, network: true, platform: VISTA, resolution: 1024x768, version: 82.0, video: true, visual: true}}]&#10;Capabilities {}" type="org.openqa.selenium.SessionNotCreatedException">org.openqa.selenium.SessionNotCreatedException: 
Could not start a new session. Response code 500. Message: All minutes for this organization has been exhausted
Build info: version: '4.1.1', revision: 'e8fcc2cecf'
System info: host: 'keshav', ip: '127.0.1.1', os.name: 'Linux', os.arch: 'amd64', os.version: '5.15.0-30-generic', java.version: '17.0.2'
Driver info: org.openqa.selenium.remote.RemoteWebDriver
Command: [null, newSession {capabilities=[Capabilities {browserName: Firefox, platformName: vista}], desiredCapabilities=Capabilities {browserName: Firefox, build: First Test, console: true, name: Sample Test, network: true, platform: VISTA, resolution: 1024x768, version: 82.0, video: true, visual: true}}]
Capabilities {}
	at lambdatest.SeleniumTest.setUp(SeleniumTest.java:45)
</failure>
    <system-out><![CDATA[[TestNGContentHandler] [WARN] It is strongly recommended to add "<!DOCTYPE suite SYSTEM "http://testng.org/testng-1.0.dtd" >" at the top of your file, otherwise TestNG may fail or not work as expected.
[TestNGContentHandler] [WARN] It is strongly recommended to add "<!DOCTYPE suite SYSTEM "http://testng.org/testng-1.0.dtd" >" at the top of your file, otherwise TestNG may fail or not work as expected.
Browser Name - Firefox, Version - 82.0, Platform - Windows 7
]]></system-out>
    <system-err><![CDATA[May 29, 2022 10:44:20 AM org.openqa.selenium.remote.tracing.opentelemetry.OpenTelemetryTracer createTracer
INFO: Using OpenTelemetry for tracing
SLF4J: Failed to load class "org.slf4j.impl.StaticLoggerBinder".
SLF4J: Defaulting to no-operation (NOP) logger implementation
SLF4J: See http://www.slf4j.org/codes.html#StaticLoggerBinder for further details.
]]></system-err>
  </testcase>
  <testcase name="inputFormsDemo" classname="lambdatest.SeleniumTest" time="0">
    <skipped message="Could not start a new session. Response code 500. Message: All minutes for this organization has been exhausted&#10;Build info: version: &apos;4.1.1&apos;, revision: &apos;e8fcc2cecf&apos;&#10;System info: host: &apos;keshav&apos;, ip: &apos;127.0.1.1&apos;, os.name: &apos;Linux&apos;, os.arch: &apos;amd64&apos;, os.version: &apos;5.15.0-30-generic&apos;, java.version: &apos;17.0.2&apos;&#10;Driver info: org.openqa.selenium.remote.RemoteWebDriver&#10;Command: [null, newSession {capabilities=[Capabilities {browserName: Firefox, platformName: vista}], desiredCapabilities=Capabilities {browserName: Firefox, build: First Test, console: true, name: Sample Test, network: true, platform: VISTA, resolution: 1024x768, version: 82.0, video: true, visual: true}}]&#10;Capabilities {}"/>
  </testcase>
  <testcase name="tearDown" classname="lambdatest.SeleniumTest" time="0">
    <skipped/>
  </testcase>
</testsuite>